<?xml version="1.0" encoding="UTF-8"?>
<testng-results ignored="0" total="1" passed="1" failed="0" skipped="0">
  <reporter-output>
  </reporter-output>
  <suite started-at="2024-12-14T18:00:29 BDT" name="Command line suite" finished-at="2024-12-14T18:00:49 BDT" duration-ms="19335">
    <groups>
    </groups>
    <test started-at="2024-12-14T18:00:29 BDT" name="Command line test" finished-at="2024-12-14T18:00:49 BDT" duration-ms="19335">
      <class name="mobiletesting.mobiletesting">
        <test-method is-config="true" signature="setUp()[pri:0, instance:mobiletesting.mobiletesting@2de8284b]" started-at="2024-12-14T18:00:29 BDT" name="setUp" finished-at="2024-12-14T18:00:36 BDT" duration-ms="6429" status="PASS">
          <reporter-output>
          </reporter-output>
        </test-method> <!-- setUp -->
        <test-method signature="sampleTest()[pri:0, instance:mobiletesting.mobiletesting@2de8284b]" started-at="2024-12-14T18:00:36 BDT" name="sampleTest" finished-at="2024-12-14T18:00:48 BDT" duration-ms="12583" status="PASS">
          <reporter-output>
          </reporter-output>
        </test-method> <!-- sampleTest -->
        <test-method is-config="true" signature="tearDown()[pri:0, instance:mobiletesting.mobiletesting@2de8284b]" started-at="2024-12-14T18:00:48 BDT" name="tearDown" finished-at="2024-12-14T18:00:49 BDT" duration-ms="288" status="PASS">
          <reporter-output>
          </reporter-output>
        </test-method> <!-- tearDown -->
      </class> <!-- mobiletesting.mobiletesting -->
    </test> <!-- Command line test -->
  </suite> <!-- Command line suite -->
</testng-results>
